/*C4*/SET SCHEMA PUBLIC
DISCONNECT
/*C5*/SET SCHEMA PUBLIC
alter table jbid_io drop constraint FK94860092CF26285
alter table jbid_io drop constraint FK948600921900168B
alter table jbid_io_attr drop constraint FK4DC61D7EDE7E39CB
alter table jbid_io_attr drop constraint FK4DC61D7E992317F0
alter table jbid_io_attr_text_values drop constraint FKC6F8C733577FACCB
alter table jbid_io_creden drop constraint FKF7FB3EC4F1FBD584
alter table jbid_io_creden drop constraint FKF7FB3EC4992317F0
alter table jbid_io_creden drop constraint FKF7FB3EC429C64409
alter table jbid_io_creden_props drop constraint FKBAD648353BD68084
alter table jbid_io_props drop constraint FK6BCFF78372655F8D
alter table jbid_io_rel drop constraint FKE9BC4F6C2D9E6CE8
alter table jbid_io_rel drop constraint FKE9BC4F6C4EF6CBA4
alter table jbid_io_rel drop constraint FKE9BC4F6CE5991E18
alter table jbid_io_rel drop constraint FKE9BC4F6C89DEF9C9
alter table jbid_io_rel_name drop constraint FK5856A77ECF26285
alter table jbid_io_rel_name_props drop constraint FK224ABD6F3C564090
alter table jbid_io_rel_props drop constraint FKB2A23ADD93AFB8E5
alter table jbid_real_props drop constraint FK5F651EFBF40F776D
drop table jbid_attr_bin_value if exists
drop table jbid_creden_bin_value if exists
drop table jbid_io if exists
drop table jbid_io_attr if exists
drop table jbid_io_attr_text_values if exists
drop table jbid_io_creden if exists
drop table jbid_io_creden_props if exists
drop table jbid_io_creden_type if exists
drop table jbid_io_props if exists
drop table jbid_io_rel if exists
drop table jbid_io_rel_name if exists
drop table jbid_io_rel_name_props if exists
drop table jbid_io_rel_props if exists
drop table jbid_io_rel_type if exists
drop table jbid_io_type if exists
drop table jbid_real_props if exists
drop table jbid_realm if exists
create table jbid_attr_bin_value (BIN_VALUE_ID bigint generated by default as identity (start with 1), VALUE blob, primary key (BIN_VALUE_ID))
create table jbid_creden_bin_value (BIN_VALUE_ID bigint generated by default as identity (start with 1), VALUE blob, primary key (BIN_VALUE_ID))
create table jbid_io (ID bigint generated by default as identity (start with 1), IDENTITY_TYPE bigint not null, NAME varchar(255) not null, REALM bigint not null, primary key (ID), unique (IDENTITY_TYPE, NAME, REALM))
create table jbid_io_attr (ATTRIBUTE_ID bigint generated by default as identity (start with 1), IDENTITY_OBJECT_ID bigint not null, NAME varchar(255), ATTRIBUTE_TYPE varchar(255), BIN_VALUE_ID bigint, primary key (ATTRIBUTE_ID), unique (IDENTITY_OBJECT_ID, NAME))
create table jbid_io_attr_text_values (TEXT_ATTR_VALUE_ID bigint not null, ATTR_VALUE varchar(255))
create table jbid_io_creden (ID bigint generated by default as identity (start with 1), BIN_VALUE_ID bigint, IDENTITY_OBJECT_ID bigint not null, TEXT varchar(255), CREDENTIAL_TYPE bigint not null, primary key (ID), unique (IDENTITY_OBJECT_ID, CREDENTIAL_TYPE))
create table jbid_io_creden_props (PROP_ID bigint not null, PROP_VALUE varchar(255) not null, PROP_NAME varchar(255) not null, primary key (PROP_ID, PROP_NAME))
create table jbid_io_creden_type (ID bigint generated by default as identity (start with 1), NAME varchar(255), primary key (ID), unique (NAME))
create table jbid_io_props (PROP_ID bigint not null, PROP_VALUE varchar(255) not null, PROP_NAME varchar(255) not null, primary key (PROP_ID, PROP_NAME))
create table jbid_io_rel (ID bigint generated by default as identity (start with 1), FROM_IDENTITY bigint not null, NAME bigint, TO_IDENTITY bigint not null, REL_TYPE bigint not null, primary key (ID), unique (FROM_IDENTITY, NAME, TO_IDENTITY, REL_TYPE))
create table jbid_io_rel_name (ID bigint generated by default as identity (start with 1), NAME varchar(255) not null, REALM bigint not null, primary key (ID), unique (NAME, REALM))
create table jbid_io_rel_name_props (PROP_ID bigint not null, PROP_VALUE varchar(255) not null, PROP_NAME varchar(255) not null, primary key (PROP_ID, PROP_NAME))
create table jbid_io_rel_props (PROP_ID bigint not null, PROP_VALUE varchar(255) not null, PROP_NAME varchar(255) not null, primary key (PROP_ID, PROP_NAME))
create table jbid_io_rel_type (ID bigint generated by default as identity (start with 1), NAME varchar(255) not null, primary key (ID), unique (NAME))
create table jbid_io_type (ID bigint generated by default as identity (start with 1), NAME varchar(255) not null, primary key (ID), unique (NAME))
create table jbid_real_props (PROP_ID bigint not null, PROP_VALUE varchar(255) not null, PROP_NAME varchar(255) not null, primary key (PROP_ID, PROP_NAME))
create table jbid_realm (ID bigint generated by default as identity (start with 1), NAME varchar(255) not null, primary key (ID), unique (NAME))
alter table jbid_io add constraint FK94860092CF26285 foreign key (REALM) references jbid_realm
alter table jbid_io add constraint FK948600921900168B foreign key (IDENTITY_TYPE) references jbid_io_type
alter table jbid_io_attr add constraint FK4DC61D7EDE7E39CB foreign key (BIN_VALUE_ID) references jbid_attr_bin_value
alter table jbid_io_attr add constraint FK4DC61D7E992317F0 foreign key (IDENTITY_OBJECT_ID) references jbid_io
alter table jbid_io_attr_text_values add constraint FKC6F8C733577FACCB foreign key (TEXT_ATTR_VALUE_ID) references jbid_io_attr
alter table jbid_io_creden add constraint FKF7FB3EC4F1FBD584 foreign key (BIN_VALUE_ID) references jbid_creden_bin_value
alter table jbid_io_creden add constraint FKF7FB3EC4992317F0 foreign key (IDENTITY_OBJECT_ID) references jbid_io
alter table jbid_io_creden add constraint FKF7FB3EC429C64409 foreign key (CREDENTIAL_TYPE) references jbid_io_creden_type
alter table jbid_io_creden_props add constraint FKBAD648353BD68084 foreign key (PROP_ID) references jbid_io_creden
alter table jbid_io_props add constraint FK6BCFF78372655F8D foreign key (PROP_ID) references jbid_io
alter table jbid_io_rel add constraint FKE9BC4F6C2D9E6CE8 foreign key (REL_TYPE) references jbid_io_rel_type
alter table jbid_io_rel add constraint FKE9BC4F6C4EF6CBA4 foreign key (NAME) references jbid_io_rel_name
alter table jbid_io_rel add constraint FKE9BC4F6CE5991E18 foreign key (TO_IDENTITY) references jbid_io
alter table jbid_io_rel add constraint FKE9BC4F6C89DEF9C9 foreign key (FROM_IDENTITY) references jbid_io
alter table jbid_io_rel_name add constraint FK5856A77ECF26285 foreign key (REALM) references jbid_realm
alter table jbid_io_rel_name_props add constraint FK224ABD6F3C564090 foreign key (PROP_ID) references jbid_io_rel_name
alter table jbid_io_rel_props add constraint FKB2A23ADD93AFB8E5 foreign key (PROP_ID) references jbid_io_rel
alter table jbid_real_props add constraint FK5F651EFBF40F776D foreign key (PROP_ID) references jbid_realm
INSERT INTO JBID_IO_REL_TYPE VALUES(1,'JBOSS_IDENTITY_MEMBERSHIP')
INSERT INTO JBID_IO_REL_TYPE VALUES(2,'JBOSS_IDENTITY_ROLE')
INSERT INTO JBID_IO_TYPE VALUES(1,'USER')
INSERT INTO JBID_IO_CREDEN_TYPE VALUES(1,'BINARY')
INSERT INTO JBID_IO_CREDEN_TYPE VALUES(2,'PASSWORD')
INSERT INTO JBID_REALM VALUES(1,'org.picketlink.idm.impl.store.hibernate.HibernateIdentityStoreImpl.DEFAULT_REALM')
INSERT INTO JBID_REALM VALUES(2,'idm_realm')
COMMIT
INSERT INTO JBID_IO_TYPE VALUES(2,'root_type')
INSERT INTO JBID_REALM VALUES(3,'idm_realm_portal')
INSERT INTO JBID_IO VALUES(1,2,'platform',3)
INSERT INTO JBID_IO_ATTR VALUES(1,1,'label','text',NULL)
INSERT INTO JBID_IO_ATTR VALUES(2,1,'description','text',NULL)
INSERT INTO JBID_IO_ATTR_TEXT_VALUES VALUES(1,'Platform')
INSERT INTO JBID_IO_ATTR_TEXT_VALUES VALUES(2,'the /platform group')
INSERT INTO JBID_IO VALUES(2,2,'GTN_ROOT_GROUP',3)
INSERT INTO JBID_IO_REL VALUES(1,2,NULL,1,1)
INSERT INTO JBID_IO_TYPE VALUES(3,'.platform')
INSERT INTO JBID_IO VALUES(3,3,'administrators',3)
INSERT INTO JBID_IO_ATTR VALUES(3,3,'description','text',NULL)
INSERT INTO JBID_IO_ATTR VALUES(4,3,'label','text',NULL)
INSERT INTO JBID_IO_ATTR_TEXT_VALUES VALUES(3,'the /platform/administrators group')
INSERT INTO JBID_IO_ATTR_TEXT_VALUES VALUES(4,'Administrators')
INSERT INTO JBID_IO_REL VALUES(2,1,NULL,3,1)
INSERT INTO JBID_IO VALUES(4,3,'users',3)
INSERT INTO JBID_IO_ATTR VALUES(5,4,'description','text',NULL)
INSERT INTO JBID_IO_ATTR VALUES(6,4,'label','text',NULL)
INSERT INTO JBID_IO_ATTR_TEXT_VALUES VALUES(5,'the /platform/users group')
INSERT INTO JBID_IO_ATTR_TEXT_VALUES VALUES(6,'Users')
INSERT INTO JBID_IO_REL VALUES(3,1,NULL,4,1)
INSERT INTO JBID_IO VALUES(5,3,'guests',3)
INSERT INTO JBID_IO_ATTR VALUES(7,5,'description','text',NULL)
INSERT INTO JBID_IO_ATTR VALUES(8,5,'label','text',NULL)
INSERT INTO JBID_IO_ATTR_TEXT_VALUES VALUES(7,'the /platform/guests group')
INSERT INTO JBID_IO_ATTR_TEXT_VALUES VALUES(8,'Guests')
INSERT INTO JBID_IO_REL VALUES(4,1,NULL,5,1)
INSERT INTO JBID_IO VALUES(6,2,'organization',3)
INSERT INTO JBID_IO_ATTR VALUES(9,6,'description','text',NULL)
INSERT INTO JBID_IO_ATTR VALUES(10,6,'label','text',NULL)
INSERT INTO JBID_IO_ATTR_TEXT_VALUES VALUES(9,'the organization group')
INSERT INTO JBID_IO_ATTR_TEXT_VALUES VALUES(10,'Organization')
INSERT INTO JBID_IO_REL VALUES(5,2,NULL,6,1)
INSERT INTO JBID_IO_TYPE VALUES(4,'.organization')
INSERT INTO JBID_IO VALUES(7,4,'management',3)
INSERT INTO JBID_IO_ATTR VALUES(11,7,'label','text',NULL)
INSERT INTO JBID_IO_ATTR VALUES(12,7,'description','text',NULL)
INSERT INTO JBID_IO_ATTR_TEXT_VALUES VALUES(11,'Management')
INSERT INTO JBID_IO_ATTR_TEXT_VALUES VALUES(12,'the /organization/management group')
INSERT INTO JBID_IO_REL VALUES(6,6,NULL,7,1)
INSERT INTO JBID_IO_TYPE VALUES(5,'.organization.management')
INSERT INTO JBID_IO VALUES(8,5,'executive-board',3)
INSERT INTO JBID_IO_ATTR VALUES(13,8,'description','text',NULL)
INSERT INTO JBID_IO_ATTR VALUES(14,8,'label','text',NULL)
INSERT INTO JBID_IO_ATTR_TEXT_VALUES VALUES(13,'the /organization/management/executive-board group')
INSERT INTO JBID_IO_ATTR_TEXT_VALUES VALUES(14,'Executive Board')
INSERT INTO JBID_IO_REL VALUES(7,7,NULL,8,1)
INSERT INTO JBID_IO VALUES(9,5,'human-resources',3)
INSERT INTO JBID_IO_ATTR VALUES(15,9,'label','text',NULL)
INSERT INTO JBID_IO_ATTR VALUES(16,9,'description','text',NULL)
INSERT INTO JBID_IO_ATTR_TEXT_VALUES VALUES(15,'Human Resources')
INSERT INTO JBID_IO_ATTR_TEXT_VALUES VALUES(16,'the /organization/management/human-resource group')
INSERT INTO JBID_IO_REL VALUES(8,7,NULL,9,1)
INSERT INTO JBID_IO VALUES(10,4,'communication',3)
INSERT INTO JBID_IO_ATTR VALUES(17,10,'description','text',NULL)
INSERT INTO JBID_IO_ATTR VALUES(18,10,'label','text',NULL)
INSERT INTO JBID_IO_ATTR_TEXT_VALUES VALUES(17,'the /organization/communication group')
INSERT INTO JBID_IO_ATTR_TEXT_VALUES VALUES(18,'Communication')
INSERT INTO JBID_IO_REL VALUES(9,6,NULL,10,1)
INSERT INTO JBID_IO_TYPE VALUES(6,'.organization.communication')
INSERT INTO JBID_IO VALUES(11,6,'marketing',3)
INSERT INTO JBID_IO_ATTR VALUES(19,11,'label','text',NULL)
INSERT INTO JBID_IO_ATTR VALUES(20,11,'description','text',NULL)
INSERT INTO JBID_IO_ATTR_TEXT_VALUES VALUES(19,'Marketing')
INSERT INTO JBID_IO_ATTR_TEXT_VALUES VALUES(20,'the /organization/communication/marketing group')
INSERT INTO JBID_IO_REL VALUES(10,10,NULL,11,1)
INSERT INTO JBID_IO VALUES(12,6,'press-and-media',3)
INSERT INTO JBID_IO_ATTR VALUES(21,12,'description','text',NULL)
INSERT INTO JBID_IO_ATTR VALUES(22,12,'label','text',NULL)
INSERT INTO JBID_IO_ATTR_TEXT_VALUES VALUES(21,'the /organization/communication/press-and-media group')
INSERT INTO JBID_IO_ATTR_TEXT_VALUES VALUES(22,'Press and Media')
INSERT INTO JBID_IO_REL VALUES(11,10,NULL,12,1)
INSERT INTO JBID_IO VALUES(13,4,'operations',3)
INSERT INTO JBID_IO_ATTR VALUES(23,13,'description','text',NULL)
INSERT INTO JBID_IO_ATTR VALUES(24,13,'label','text',NULL)
INSERT INTO JBID_IO_ATTR_TEXT_VALUES VALUES(23,'the /organization/operations and media group')
INSERT INTO JBID_IO_ATTR_TEXT_VALUES VALUES(24,'Operations')
INSERT INTO JBID_IO_REL VALUES(12,6,NULL,13,1)
INSERT INTO JBID_IO_TYPE VALUES(7,'.organization.operations')
INSERT INTO JBID_IO VALUES(14,7,'sales',3)
INSERT INTO JBID_IO_ATTR VALUES(25,14,'label','text',NULL)
INSERT INTO JBID_IO_ATTR VALUES(26,14,'description','text',NULL)
INSERT INTO JBID_IO_ATTR_TEXT_VALUES VALUES(25,'Sales')
INSERT INTO JBID_IO_ATTR_TEXT_VALUES VALUES(26,'the /organization/operations/sales group')
INSERT INTO JBID_IO_REL VALUES(13,13,NULL,14,1)
INSERT INTO JBID_IO VALUES(15,7,'finances',3)
INSERT INTO JBID_IO_ATTR VALUES(27,15,'description','text',NULL)
INSERT INTO JBID_IO_ATTR VALUES(28,15,'label','text',NULL)
INSERT INTO JBID_IO_ATTR_TEXT_VALUES VALUES(27,'the /organization/operations/finances group')
INSERT INTO JBID_IO_ATTR_TEXT_VALUES VALUES(28,'Finances')
INSERT INTO JBID_IO_REL VALUES(14,13,NULL,15,1)
INSERT INTO JBID_IO VALUES(16,2,'customers',3)
INSERT INTO JBID_IO_ATTR VALUES(29,16,'label','text',NULL)
INSERT INTO JBID_IO_ATTR VALUES(30,16,'description','text',NULL)
INSERT INTO JBID_IO_ATTR_TEXT_VALUES VALUES(29,'Customers')
INSERT INTO JBID_IO_ATTR_TEXT_VALUES VALUES(30,'the /customers group')
INSERT INTO JBID_IO_REL VALUES(15,2,NULL,16,1)
INSERT INTO JBID_IO VALUES(17,2,'partners',3)
INSERT INTO JBID_IO_ATTR VALUES(31,17,'label','text',NULL)
INSERT INTO JBID_IO_ATTR VALUES(32,17,'description','text',NULL)
INSERT INTO JBID_IO_ATTR_TEXT_VALUES VALUES(31,'Partners')
INSERT INTO JBID_IO_ATTR_TEXT_VALUES VALUES(32,'the /partners group')
INSERT INTO JBID_IO_REL VALUES(16,2,NULL,17,1)
INSERT INTO JBID_IO_REL_NAME VALUES(1,'manager',3)
INSERT INTO JBID_IO_REL_NAME VALUES(2,'member',3)
INSERT INTO JBID_IO_REL_NAME_PROPS VALUES(1,'1392872084768','create_date')
INSERT INTO JBID_IO_REL_NAME_PROPS VALUES(1,'1392872084768','modified_date')
INSERT INTO JBID_IO_REL_NAME_PROPS VALUES(1,'manager membership type','description')
INSERT INTO JBID_IO_REL_NAME VALUES(3,'validator',3)
INSERT INTO JBID_IO_REL_NAME_PROPS VALUES(2,'1392872084854','create_date')
INSERT INTO JBID_IO_REL_NAME_PROPS VALUES(2,'1392872084854','modified_date')
INSERT INTO JBID_IO_REL_NAME_PROPS VALUES(2,'member membership type','description')
INSERT INTO JBID_IO_REL_NAME_PROPS VALUES(3,'1392872084908','create_date')
INSERT INTO JBID_IO_REL_NAME_PROPS VALUES(3,'1392872084908','modified_date')
INSERT INTO JBID_IO_REL_NAME_PROPS VALUES(3,'validator membership type','description')
INSERT INTO JBID_IO VALUES(18,1,'root',3)
INSERT INTO JBID_IO_ATTR VALUES(33,18,'passwordSalt','text',NULL)
INSERT INTO JBID_IO_ATTR_TEXT_VALUES VALUES(33,'3177219663101522828')
INSERT INTO JBID_IO_CREDEN VALUES(1,NULL,18,'7017cbca09ca8799de69cee03df119b02d7e797767dd155245f544b7aa485f98',2)
INSERT INTO JBID_IO_ATTR VALUES(34,18,'lastLoginTime','text',NULL)
INSERT INTO JBID_IO_ATTR VALUES(35,18,'email','text',NULL)
INSERT INTO JBID_IO_ATTR VALUES(36,18,'lastName','text',NULL)
INSERT INTO JBID_IO_ATTR VALUES(37,18,'firstName','text',NULL)
INSERT INTO JBID_IO_ATTR VALUES(38,18,'createdDate','text',NULL)
INSERT INTO JBID_IO_ATTR_TEXT_VALUES VALUES(34,'1392872084976')
INSERT INTO JBID_IO_ATTR_TEXT_VALUES VALUES(35,'root@localhost')
INSERT INTO JBID_IO_ATTR_TEXT_VALUES VALUES(36,'Root')
INSERT INTO JBID_IO_ATTR_TEXT_VALUES VALUES(37,'Root')
INSERT INTO JBID_IO_ATTR_TEXT_VALUES VALUES(38,'1392872084976')
INSERT INTO JBID_IO_REL VALUES(17,3,1,18,2)
INSERT INTO JBID_IO_REL VALUES(18,4,NULL,18,1)
INSERT INTO JBID_IO_REL VALUES(19,4,2,18,2)
INSERT INTO JBID_IO_REL VALUES(20,8,NULL,18,1)
INSERT INTO JBID_IO_REL VALUES(21,8,2,18,2)
INSERT INTO JBID_IO VALUES(19,1,'john',3)
INSERT INTO JBID_IO_ATTR VALUES(39,19,'passwordSalt','text',NULL)
INSERT INTO JBID_IO_ATTR_TEXT_VALUES VALUES(39,'-4765041534365012507')
INSERT INTO JBID_IO_CREDEN VALUES(2,NULL,19,'c9ab6cebfcf966e7c70df6c17782e1770c7d35b6b89fb1682aec8548d4cbb8e8',2)
INSERT INTO JBID_IO_ATTR VALUES(40,19,'email','text',NULL)
INSERT INTO JBID_IO_ATTR VALUES(41,19,'lastLoginTime','text',NULL)
INSERT INTO JBID_IO_ATTR VALUES(42,19,'lastName','text',NULL)
INSERT INTO JBID_IO_ATTR VALUES(43,19,'firstName','text',NULL)
INSERT INTO JBID_IO_ATTR VALUES(44,19,'createdDate','text',NULL)
INSERT INTO JBID_IO_ATTR_TEXT_VALUES VALUES(40,'john@localhost')
INSERT INTO JBID_IO_ATTR_TEXT_VALUES VALUES(41,'1392872086542')
INSERT INTO JBID_IO_ATTR_TEXT_VALUES VALUES(42,'Anthony')
INSERT INTO JBID_IO_ATTR_TEXT_VALUES VALUES(43,'John')
INSERT INTO JBID_IO_ATTR_TEXT_VALUES VALUES(44,'1392872086542')
INSERT INTO JBID_IO_REL VALUES(22,3,NULL,19,1)
INSERT INTO JBID_IO_REL VALUES(23,3,2,19,2)
INSERT INTO JBID_IO_REL VALUES(24,4,NULL,19,1)
INSERT INTO JBID_IO_REL VALUES(25,4,2,19,2)
INSERT INTO JBID_IO_REL VALUES(26,8,1,19,2)
INSERT INTO JBID_IO VALUES(20,1,'mary',3)
INSERT INTO JBID_IO_ATTR VALUES(45,20,'passwordSalt','text',NULL)
INSERT INTO JBID_IO_ATTR_TEXT_VALUES VALUES(45,'-4242647812718210570')
INSERT INTO JBID_IO_CREDEN VALUES(3,NULL,20,'5d2e6dfb889c872bd9c798284d3f16fdbec817a13f0ed9e69061b6a88b17911d',2)
INSERT INTO JBID_IO_ATTR VALUES(46,20,'firstName','text',NULL)
INSERT INTO JBID_IO_ATTR VALUES(47,20,'email','text',NULL)
INSERT INTO JBID_IO_ATTR VALUES(48,20,'lastLoginTime','text',NULL)
INSERT INTO JBID_IO_ATTR VALUES(49,20,'lastName','text',NULL)
INSERT INTO JBID_IO_ATTR VALUES(50,20,'createdDate','text',NULL)
INSERT INTO JBID_IO_ATTR_TEXT_VALUES VALUES(46,'Mary')
INSERT INTO JBID_IO_ATTR_TEXT_VALUES VALUES(47,'mary@localhost')
INSERT INTO JBID_IO_ATTR_TEXT_VALUES VALUES(48,'1392872088165')
INSERT INTO JBID_IO_ATTR_TEXT_VALUES VALUES(49,'Kelly')
INSERT INTO JBID_IO_ATTR_TEXT_VALUES VALUES(50,'1392872088165')
INSERT INTO JBID_IO_REL VALUES(27,4,NULL,20,1)
INSERT INTO JBID_IO_REL VALUES(28,4,2,20,2)
INSERT INTO JBID_IO VALUES(21,1,'demo',3)
INSERT INTO JBID_IO_ATTR VALUES(51,21,'passwordSalt','text',NULL)
INSERT INTO JBID_IO_ATTR_TEXT_VALUES VALUES(51,'2131724704907150283')
INSERT INTO JBID_IO_CREDEN VALUES(4,NULL,21,'a50491ecffbaadd2f5be72b0f9adbac764a2b8c7bd04d98fb3b2af420cf7e6b4',2)
INSERT INTO JBID_IO_ATTR VALUES(52,21,'email','text',NULL)
INSERT INTO JBID_IO_ATTR VALUES(53,21,'createdDate','text',NULL)
INSERT INTO JBID_IO_ATTR VALUES(54,21,'firstName','text',NULL)
INSERT INTO JBID_IO_ATTR VALUES(55,21,'lastName','text',NULL)
INSERT INTO JBID_IO_ATTR VALUES(56,21,'lastLoginTime','text',NULL)
INSERT INTO JBID_IO_ATTR_TEXT_VALUES VALUES(52,'demo@localhost')
INSERT INTO JBID_IO_ATTR_TEXT_VALUES VALUES(53,'1392872089238')
INSERT INTO JBID_IO_ATTR_TEXT_VALUES VALUES(54,'Demo')
INSERT INTO JBID_IO_ATTR_TEXT_VALUES VALUES(55,'gtn')
INSERT INTO JBID_IO_ATTR_TEXT_VALUES VALUES(56,'1392872089238')
INSERT INTO JBID_IO_REL VALUES(29,5,NULL,21,1)
INSERT INTO JBID_IO_REL VALUES(30,5,2,21,2)
INSERT INTO JBID_IO_REL VALUES(31,4,NULL,21,1)
INSERT INTO JBID_IO_REL VALUES(32,4,2,21,2)
COMMIT
DELETE FROM JBID_IO_ATTR_TEXT_VALUES WHERE TEXT_ATTR_VALUE_ID=41 AND ATTR_VALUE='1392872086542'
INSERT INTO JBID_IO_ATTR_TEXT_VALUES VALUES(41,'1392872164195')
COMMIT
DELETE FROM JBID_IO_ATTR_TEXT_VALUES WHERE TEXT_ATTR_VALUE_ID=56 AND ATTR_VALUE='1392872089238'
INSERT INTO JBID_IO_ATTR_TEXT_VALUES VALUES(56,'1392872391140')
COMMIT
DELETE FROM JBID_IO_ATTR_TEXT_VALUES WHERE TEXT_ATTR_VALUE_ID=41 AND ATTR_VALUE='1392872164195'
INSERT INTO JBID_IO_ATTR_TEXT_VALUES VALUES(41,'1392872538866')
COMMIT
INSERT INTO JBID_IO VALUES(22,1,'madunee',3)
INSERT INTO JBID_IO_ATTR VALUES(57,22,'passwordSalt','text',NULL)
INSERT INTO JBID_IO_ATTR_TEXT_VALUES VALUES(57,'3415781796100246870')
INSERT INTO JBID_IO_CREDEN VALUES(5,NULL,22,'fcbb3914886dd2623b8fe79781766b621e282b709a85a445713b06138cd956e7',2)
INSERT INTO JBID_IO_ATTR VALUES(58,22,'createdDate','text',NULL)
INSERT INTO JBID_IO_ATTR VALUES(59,22,'firstName','text',NULL)
INSERT INTO JBID_IO_ATTR VALUES(60,22,'displayName','text',NULL)
INSERT INTO JBID_IO_ATTR VALUES(61,22,'lastName','text',NULL)
INSERT INTO JBID_IO_ATTR VALUES(62,22,'lastLoginTime','text',NULL)
INSERT INTO JBID_IO_ATTR VALUES(63,22,'email','text',NULL)
INSERT INTO JBID_IO_ATTR_TEXT_VALUES VALUES(58,'1392872680848')
INSERT INTO JBID_IO_ATTR_TEXT_VALUES VALUES(59,'Madunee')
INSERT INTO JBID_IO_ATTR_TEXT_VALUES VALUES(60,'Madhu')
INSERT INTO JBID_IO_ATTR_TEXT_VALUES VALUES(61,'Bhawanthika')
INSERT INTO JBID_IO_ATTR_TEXT_VALUES VALUES(62,'1392872680848')
INSERT INTO JBID_IO_ATTR_TEXT_VALUES VALUES(63,'hbmadhunee@gmail.com')
INSERT INTO JBID_IO_REL VALUES(33,4,NULL,22,1)
INSERT INTO JBID_IO_REL VALUES(34,4,2,22,2)
INSERT INTO JBID_IO_ATTR VALUES(64,22,'user.gender','text',NULL)
INSERT INTO JBID_IO_ATTR VALUES(65,22,'user.language','text',NULL)
INSERT INTO JBID_IO_ATTR_TEXT_VALUES VALUES(64,'male')
INSERT INTO JBID_IO_ATTR_TEXT_VALUES VALUES(65,'')
COMMIT
DELETE FROM JBID_IO_ATTR_TEXT_VALUES WHERE TEXT_ATTR_VALUE_ID=62 AND ATTR_VALUE='1392872680848'
INSERT INTO JBID_IO_ATTR_TEXT_VALUES VALUES(62,'1392872739723')
COMMIT
DELETE FROM JBID_IO_ATTR_TEXT_VALUES WHERE TEXT_ATTR_VALUE_ID=41 AND ATTR_VALUE='1392872538866'
INSERT INTO JBID_IO_ATTR_TEXT_VALUES VALUES(41,'1392872843704')
COMMIT
